<?xml version="1.0" encoding="UTF-8"?>
<testsuite name="assignments.assignment1.OrderGeneratorTest" tests="2" skipped="0" failures="0" errors="0" timestamp="2024-03-19T01:53:03" hostname="ALPHA" time="0.051">
  <properties/>
  <testcase name="testGenerateBill1()" classname="assignments.assignment1.OrderGeneratorTest" time="0.045"/>
  <testcase name="testGenerateOrderID1()" classname="assignments.assignment1.OrderGeneratorTest" time="0.003"/>
  <system-out><![CDATA[]]></system-out>
  <system-err><![CDATA[]]></system-err>
</testsuite>
